24-Mar-2018 11:17:11.063 INFORMAÇÕES [main] org.apache.catalina.startup.VersionLoggerListener.log Server version:        Apache Tomcat/8.0.50
24-Mar-2018 11:17:11.065 INFORMAÇÕES [main] org.apache.catalina.startup.VersionLoggerListener.log Server built:          Feb 7 2018 20:06:05 UTC
24-Mar-2018 11:17:11.065 INFORMAÇÕES [main] org.apache.catalina.startup.VersionLoggerListener.log Server number:         8.0.50.0
24-Mar-2018 11:17:11.065 INFORMAÇÕES [main] org.apache.catalina.startup.VersionLoggerListener.log OS Name:               Mac OS X
24-Mar-2018 11:17:11.065 INFORMAÇÕES [main] org.apache.catalina.startup.VersionLoggerListener.log OS Version:            10.13.3
24-Mar-2018 11:17:11.065 INFORMAÇÕES [main] org.apache.catalina.startup.VersionLoggerListener.log Architecture:          x86_64
24-Mar-2018 11:17:11.065 INFORMAÇÕES [main] org.apache.catalina.startup.VersionLoggerListener.log Java Home:             /Library/Java/JavaVirtualMachines/jdk1.8.0_162.jdk/Contents/Home/jre
24-Mar-2018 11:17:11.065 INFORMAÇÕES [main] org.apache.catalina.startup.VersionLoggerListener.log JVM Version:           1.8.0_162-b12
24-Mar-2018 11:17:11.065 INFORMAÇÕES [main] org.apache.catalina.startup.VersionLoggerListener.log JVM Vendor:            Oracle Corporation
24-Mar-2018 11:17:11.065 INFORMAÇÕES [main] org.apache.catalina.startup.VersionLoggerListener.log CATALINA_BASE:         /Users/jorgesantana/projetos/jenkins/apache-tomcat-8.0.50
24-Mar-2018 11:17:11.066 INFORMAÇÕES [main] org.apache.catalina.startup.VersionLoggerListener.log CATALINA_HOME:         /Users/jorgesantana/projetos/jenkins/apache-tomcat-8.0.50
24-Mar-2018 11:17:11.066 INFORMAÇÕES [main] org.apache.catalina.startup.VersionLoggerListener.log Command line argument: -Djava.util.logging.config.file=/Users/jorgesantana/projetos/jenkins/apache-tomcat-8.0.50/conf/logging.properties
24-Mar-2018 11:17:11.066 INFORMAÇÕES [main] org.apache.catalina.startup.VersionLoggerListener.log Command line argument: -Djava.util.logging.manager=org.apache.juli.ClassLoaderLogManager
24-Mar-2018 11:17:11.066 INFORMAÇÕES [main] org.apache.catalina.startup.VersionLoggerListener.log Command line argument: -Djdk.tls.ephemeralDHKeySize=2048
24-Mar-2018 11:17:11.066 INFORMAÇÕES [main] org.apache.catalina.startup.VersionLoggerListener.log Command line argument: -Djava.protocol.handler.pkgs=org.apache.catalina.webresources
24-Mar-2018 11:17:11.067 INFORMAÇÕES [main] org.apache.catalina.startup.VersionLoggerListener.log Command line argument: -Dignore.endorsed.dirs=
24-Mar-2018 11:17:11.067 INFORMAÇÕES [main] org.apache.catalina.startup.VersionLoggerListener.log Command line argument: -Dcatalina.base=/Users/jorgesantana/projetos/jenkins/apache-tomcat-8.0.50
24-Mar-2018 11:17:11.067 INFORMAÇÕES [main] org.apache.catalina.startup.VersionLoggerListener.log Command line argument: -Dcatalina.home=/Users/jorgesantana/projetos/jenkins/apache-tomcat-8.0.50
24-Mar-2018 11:17:11.067 INFORMAÇÕES [main] org.apache.catalina.startup.VersionLoggerListener.log Command line argument: -Djava.io.tmpdir=/Users/jorgesantana/projetos/jenkins/apache-tomcat-8.0.50/temp
24-Mar-2018 11:17:11.067 INFORMAÇÕES [main] org.apache.catalina.core.AprLifecycleListener.lifecycleEvent The APR based Apache Tomcat Native library which allows optimal performance in production environments was not found on the java.library.path: /Users/jorgesantana/Library/Java/Extensions:/Library/Java/Extensions:/Network/Library/Java/Extensions:/System/Library/Java/Extensions:/usr/lib/java:.
24-Mar-2018 11:17:11.199 INFORMAÇÕES [main] org.apache.coyote.AbstractProtocol.init Initializing ProtocolHandler ["http-nio-8080"]
24-Mar-2018 11:17:11.216 GRAVE [main] org.apache.coyote.AbstractProtocol.init Failed to initialize end point associated with ProtocolHandler ["http-nio-8080"]
 java.net.BindException: Address already in use
	at sun.nio.ch.Net.bind0(Native Method)
	at sun.nio.ch.Net.bind(Net.java:433)
	at sun.nio.ch.Net.bind(Net.java:425)
	at sun.nio.ch.ServerSocketChannelImpl.bind(ServerSocketChannelImpl.java:223)
	at sun.nio.ch.ServerSocketAdaptor.bind(ServerSocketAdaptor.java:74)
	at org.apache.tomcat.util.net.NioEndpoint.bind(NioEndpoint.java:350)
	at org.apache.tomcat.util.net.AbstractEndpoint.init(AbstractEndpoint.java:823)
	at org.apache.coyote.AbstractProtocol.init(AbstractProtocol.java:476)
	at org.apache.coyote.http11.AbstractHttp11JsseProtocol.init(AbstractHttp11JsseProtocol.java:120)
	at org.apache.catalina.connector.Connector.initInternal(Connector.java:960)
	at org.apache.catalina.util.LifecycleBase.init(LifecycleBase.java:102)
	at org.apache.catalina.core.StandardService.initInternal(StandardService.java:568)
	at org.apache.catalina.util.LifecycleBase.init(LifecycleBase.java:102)
	at org.apache.catalina.core.StandardServer.initInternal(StandardServer.java:871)
	at org.apache.catalina.util.LifecycleBase.init(LifecycleBase.java:102)
	at org.apache.catalina.startup.Catalina.load(Catalina.java:592)
	at org.apache.catalina.startup.Catalina.load(Catalina.java:615)
	at sun.reflect.NativeMethodAccessorImpl.invoke0(Native Method)
	at sun.reflect.NativeMethodAccessorImpl.invoke(NativeMethodAccessorImpl.java:62)
	at sun.reflect.DelegatingMethodAccessorImpl.invoke(DelegatingMethodAccessorImpl.java:43)
	at java.lang.reflect.Method.invoke(Method.java:498)
	at org.apache.catalina.startup.Bootstrap.load(Bootstrap.java:308)
	at org.apache.catalina.startup.Bootstrap.main(Bootstrap.java:482)

24-Mar-2018 11:17:11.217 GRAVE [main] org.apache.catalina.core.StandardService.initInternal Failed to initialize connector [Connector[HTTP/1.1-8080]]
 org.apache.catalina.LifecycleException: Failed to initialize component [Connector[HTTP/1.1-8080]]
	at org.apache.catalina.util.LifecycleBase.init(LifecycleBase.java:107)
	at org.apache.catalina.core.StandardService.initInternal(StandardService.java:568)
	at org.apache.catalina.util.LifecycleBase.init(LifecycleBase.java:102)
	at org.apache.catalina.core.StandardServer.initInternal(StandardServer.java:871)
	at org.apache.catalina.util.LifecycleBase.init(LifecycleBase.java:102)
	at org.apache.catalina.startup.Catalina.load(Catalina.java:592)
	at org.apache.catalina.startup.Catalina.load(Catalina.java:615)
	at sun.reflect.NativeMethodAccessorImpl.invoke0(Native Method)
	at sun.reflect.NativeMethodAccessorImpl.invoke(NativeMethodAccessorImpl.java:62)
	at sun.reflect.DelegatingMethodAccessorImpl.invoke(DelegatingMethodAccessorImpl.java:43)
	at java.lang.reflect.Method.invoke(Method.java:498)
	at org.apache.catalina.startup.Bootstrap.load(Bootstrap.java:308)
	at org.apache.catalina.startup.Bootstrap.main(Bootstrap.java:482)
Caused by: org.apache.catalina.LifecycleException: Protocol handler initialization failed
	at org.apache.catalina.connector.Connector.initInternal(Connector.java:962)
	at org.apache.catalina.util.LifecycleBase.init(LifecycleBase.java:102)
	... 12 more
Caused by: java.net.BindException: Address already in use
	at sun.nio.ch.Net.bind0(Native Method)
	at sun.nio.ch.Net.bind(Net.java:433)
	at sun.nio.ch.Net.bind(Net.java:425)
	at sun.nio.ch.ServerSocketChannelImpl.bind(ServerSocketChannelImpl.java:223)
	at sun.nio.ch.ServerSocketAdaptor.bind(ServerSocketAdaptor.java:74)
	at org.apache.tomcat.util.net.NioEndpoint.bind(NioEndpoint.java:350)
	at org.apache.tomcat.util.net.AbstractEndpoint.init(AbstractEndpoint.java:823)
	at org.apache.coyote.AbstractProtocol.init(AbstractProtocol.java:476)
	at org.apache.coyote.http11.AbstractHttp11JsseProtocol.init(AbstractHttp11JsseProtocol.java:120)
	at org.apache.catalina.connector.Connector.initInternal(Connector.java:960)
	... 13 more

24-Mar-2018 11:17:11.217 INFORMAÇÕES [main] org.apache.coyote.AbstractProtocol.init Initializing ProtocolHandler ["ajp-nio-8009"]
24-Mar-2018 11:17:11.218 GRAVE [main] org.apache.coyote.AbstractProtocol.init Failed to initialize end point associated with ProtocolHandler ["ajp-nio-8009"]
 java.net.BindException: Address already in use
	at sun.nio.ch.Net.bind0(Native Method)
	at sun.nio.ch.Net.bind(Net.java:433)
	at sun.nio.ch.Net.bind(Net.java:425)
	at sun.nio.ch.ServerSocketChannelImpl.bind(ServerSocketChannelImpl.java:223)
	at sun.nio.ch.ServerSocketAdaptor.bind(ServerSocketAdaptor.java:74)
	at org.apache.tomcat.util.net.NioEndpoint.bind(NioEndpoint.java:350)
	at org.apache.tomcat.util.net.AbstractEndpoint.init(AbstractEndpoint.java:823)
	at org.apache.coyote.AbstractProtocol.init(AbstractProtocol.java:476)
	at org.apache.catalina.connector.Connector.initInternal(Connector.java:960)
	at org.apache.catalina.util.LifecycleBase.init(LifecycleBase.java:102)
	at org.apache.catalina.core.StandardService.initInternal(StandardService.java:568)
	at org.apache.catalina.util.LifecycleBase.init(LifecycleBase.java:102)
	at org.apache.catalina.core.StandardServer.initInternal(StandardServer.java:871)
	at org.apache.catalina.util.LifecycleBase.init(LifecycleBase.java:102)
	at org.apache.catalina.startup.Catalina.load(Catalina.java:592)
	at org.apache.catalina.startup.Catalina.load(Catalina.java:615)
	at sun.reflect.NativeMethodAccessorImpl.invoke0(Native Method)
	at sun.reflect.NativeMethodAccessorImpl.invoke(NativeMethodAccessorImpl.java:62)
	at sun.reflect.DelegatingMethodAccessorImpl.invoke(DelegatingMethodAccessorImpl.java:43)
	at java.lang.reflect.Method.invoke(Method.java:498)
	at org.apache.catalina.startup.Bootstrap.load(Bootstrap.java:308)
	at org.apache.catalina.startup.Bootstrap.main(Bootstrap.java:482)

24-Mar-2018 11:17:11.219 GRAVE [main] org.apache.catalina.core.StandardService.initInternal Failed to initialize connector [Connector[AJP/1.3-8009]]
 org.apache.catalina.LifecycleException: Failed to initialize component [Connector[AJP/1.3-8009]]
	at org.apache.catalina.util.LifecycleBase.init(LifecycleBase.java:107)
	at org.apache.catalina.core.StandardService.initInternal(StandardService.java:568)
	at org.apache.catalina.util.LifecycleBase.init(LifecycleBase.java:102)
	at org.apache.catalina.core.StandardServer.initInternal(StandardServer.java:871)
	at org.apache.catalina.util.LifecycleBase.init(LifecycleBase.java:102)
	at org.apache.catalina.startup.Catalina.load(Catalina.java:592)
	at org.apache.catalina.startup.Catalina.load(Catalina.java:615)
	at sun.reflect.NativeMethodAccessorImpl.invoke0(Native Method)
	at sun.reflect.NativeMethodAccessorImpl.invoke(NativeMethodAccessorImpl.java:62)
	at sun.reflect.DelegatingMethodAccessorImpl.invoke(DelegatingMethodAccessorImpl.java:43)
	at java.lang.reflect.Method.invoke(Method.java:498)
	at org.apache.catalina.startup.Bootstrap.load(Bootstrap.java:308)
	at org.apache.catalina.startup.Bootstrap.main(Bootstrap.java:482)
Caused by: org.apache.catalina.LifecycleException: Protocol handler initialization failed
	at org.apache.catalina.connector.Connector.initInternal(Connector.java:962)
	at org.apache.catalina.util.LifecycleBase.init(LifecycleBase.java:102)
	... 12 more
Caused by: java.net.BindException: Address already in use
	at sun.nio.ch.Net.bind0(Native Method)
	at sun.nio.ch.Net.bind(Net.java:433)
	at sun.nio.ch.Net.bind(Net.java:425)
	at sun.nio.ch.ServerSocketChannelImpl.bind(ServerSocketChannelImpl.java:223)
	at sun.nio.ch.ServerSocketAdaptor.bind(ServerSocketAdaptor.java:74)
	at org.apache.tomcat.util.net.NioEndpoint.bind(NioEndpoint.java:350)
	at org.apache.tomcat.util.net.AbstractEndpoint.init(AbstractEndpoint.java:823)
	at org.apache.coyote.AbstractProtocol.init(AbstractProtocol.java:476)
	at org.apache.catalina.connector.Connector.initInternal(Connector.java:960)
	... 13 more

24-Mar-2018 11:17:11.219 INFORMAÇÕES [main] org.apache.catalina.startup.Catalina.load Initialization processed in 545 ms
24-Mar-2018 11:17:11.242 INFORMAÇÕES [main] org.apache.catalina.core.StandardService.startInternal Starting service Catalina
24-Mar-2018 11:17:11.242 INFORMAÇÕES [main] org.apache.catalina.core.StandardEngine.startInternal Starting Servlet Engine: Apache Tomcat/8.0.50
24-Mar-2018 11:17:11.267 INFORMAÇÕES [localhost-startStop-1] org.apache.catalina.startup.HostConfig.deployWAR Deploying web application archive /Users/jorgesantana/projetos/jenkins/apache-tomcat-8.0.50/webapps/jenkins-app-0.1.war
24-Mar-2018 11:17:14.793 INFORMAÇÕES [localhost-startStop-1] org.apache.jasper.servlet.TldScanner.scanJars At least one JAR was scanned for TLDs yet contained no TLDs. Enable debug logging for this logger for a complete list of JARs that were scanned but no TLDs were found in them. Skipping unneeded JARs during scanning can improve startup time and JSP compilation time.
24-Mar-2018 11:17:28.445 INFORMAÇÕES [localhost-startStop-1] org.apache.catalina.startup.HostConfig.deployWAR Deployment of web application archive /Users/jorgesantana/projetos/jenkins/apache-tomcat-8.0.50/webapps/jenkins-app-0.1.war has finished in 17,177 ms
24-Mar-2018 11:17:28.446 INFORMAÇÕES [localhost-startStop-1] org.apache.catalina.startup.HostConfig.deployDirectory Deploying web application directory /Users/jorgesantana/projetos/jenkins/apache-tomcat-8.0.50/webapps/docs
24-Mar-2018 11:17:28.465 INFORMAÇÕES [localhost-startStop-1] org.apache.catalina.startup.HostConfig.deployDirectory Deployment of web application directory /Users/jorgesantana/projetos/jenkins/apache-tomcat-8.0.50/webapps/docs has finished in 19 ms
24-Mar-2018 11:17:28.466 INFORMAÇÕES [localhost-startStop-1] org.apache.catalina.startup.HostConfig.deployDirectory Deploying web application directory /Users/jorgesantana/projetos/jenkins/apache-tomcat-8.0.50/webapps/manager
24-Mar-2018 11:17:28.499 INFORMAÇÕES [localhost-startStop-1] org.apache.catalina.startup.HostConfig.deployDirectory Deployment of web application directory /Users/jorgesantana/projetos/jenkins/apache-tomcat-8.0.50/webapps/manager has finished in 33 ms
24-Mar-2018 11:17:28.500 INFORMAÇÕES [localhost-startStop-1] org.apache.catalina.startup.HostConfig.deployDirectory Deploying web application directory /Users/jorgesantana/projetos/jenkins/apache-tomcat-8.0.50/webapps/examples
24-Mar-2018 11:17:28.686 INFORMAÇÕES [localhost-startStop-1] org.apache.catalina.startup.HostConfig.deployDirectory Deployment of web application directory /Users/jorgesantana/projetos/jenkins/apache-tomcat-8.0.50/webapps/examples has finished in 185 ms
24-Mar-2018 11:17:28.686 INFORMAÇÕES [localhost-startStop-1] org.apache.catalina.startup.HostConfig.deployDirectory Deploying web application directory /Users/jorgesantana/projetos/jenkins/apache-tomcat-8.0.50/webapps/ROOT
24-Mar-2018 11:17:28.695 INFORMAÇÕES [localhost-startStop-1] org.apache.catalina.startup.HostConfig.deployDirectory Deployment of web application directory /Users/jorgesantana/projetos/jenkins/apache-tomcat-8.0.50/webapps/ROOT has finished in 9 ms
24-Mar-2018 11:17:28.695 INFORMAÇÕES [localhost-startStop-1] org.apache.catalina.startup.HostConfig.deployDirectory Deploying web application directory /Users/jorgesantana/projetos/jenkins/apache-tomcat-8.0.50/webapps/host-manager
24-Mar-2018 11:17:28.709 INFORMAÇÕES [localhost-startStop-1] org.apache.catalina.startup.HostConfig.deployDirectory Deployment of web application directory /Users/jorgesantana/projetos/jenkins/apache-tomcat-8.0.50/webapps/host-manager has finished in 14 ms
24-Mar-2018 11:17:28.712 INFORMAÇÕES [main] org.apache.catalina.startup.Catalina.start Server startup in 17492 ms
24-Mar-2018 11:17:28.716 GRAVE [main] org.apache.catalina.core.StandardServer.await StandardServer.await: create[localhost:8005]: 
 java.net.BindException: Address already in use (Bind failed)
	at java.net.PlainSocketImpl.socketBind(Native Method)
	at java.net.AbstractPlainSocketImpl.bind(AbstractPlainSocketImpl.java:387)
	at java.net.ServerSocket.bind(ServerSocket.java:375)
	at java.net.ServerSocket.<init>(ServerSocket.java:237)
	at org.apache.catalina.core.StandardServer.await(StandardServer.java:438)
	at org.apache.catalina.startup.Catalina.await(Catalina.java:729)
	at org.apache.catalina.startup.Catalina.start(Catalina.java:675)
	at sun.reflect.NativeMethodAccessorImpl.invoke0(Native Method)
	at sun.reflect.NativeMethodAccessorImpl.invoke(NativeMethodAccessorImpl.java:62)
	at sun.reflect.DelegatingMethodAccessorImpl.invoke(DelegatingMethodAccessorImpl.java:43)
	at java.lang.reflect.Method.invoke(Method.java:498)
	at org.apache.catalina.startup.Bootstrap.start(Bootstrap.java:349)
	at org.apache.catalina.startup.Bootstrap.main(Bootstrap.java:483)

24-Mar-2018 11:17:28.716 INFORMAÇÕES [main] org.apache.coyote.AbstractProtocol.pause Pausing ProtocolHandler ["http-nio-8080"]
24-Mar-2018 11:17:28.717 INFORMAÇÕES [main] org.apache.coyote.AbstractProtocol.pause Pausing ProtocolHandler ["ajp-nio-8009"]
24-Mar-2018 11:17:28.717 INFORMAÇÕES [main] org.apache.catalina.core.StandardService.stopInternal Stopping service Catalina
24-Mar-2018 11:17:28.768 ADVERTÊNCIA [localhost-startStop-1] org.apache.catalina.loader.WebappClassLoaderBase.clearReferencesThreads The web application [jenkins-app-0.1] appears to have started a thread named [Tomcat JDBC Pool Cleaner[1358115177:1521901041960]] but has failed to stop it. This is very likely to create a memory leak. Stack trace of thread:
 java.lang.Object.wait(Native Method)
 java.util.TimerThread.mainLoop(Timer.java:552)
 java.util.TimerThread.run(Timer.java:505)
24-Mar-2018 11:17:28.769 ADVERTÊNCIA [localhost-startStop-1] org.apache.catalina.loader.WebappClassLoaderBase.clearReferencesThreads The web application [jenkins-app-0.1] appears to have started a thread named [MVStore background writer nio:/Users/jorgesantana/projetos/jenkins/apache-tomcat-8.0.50/bin/prodDb.mv.db] but has failed to stop it. This is very likely to create a memory leak. Stack trace of thread:
 java.lang.Object.wait(Native Method)
 org.h2.mvstore.MVStore$BackgroundWriterThread.run(MVStore.java:2715)
24-Mar-2018 11:17:28.777 INFORMAÇÕES [main] org.apache.coyote.AbstractProtocol.stop Stopping ProtocolHandler ["http-nio-8080"]
24-Mar-2018 11:17:28.777 INFORMAÇÕES [main] org.apache.coyote.AbstractProtocol.destroy Destroying ProtocolHandler ["http-nio-8080"]
24-Mar-2018 11:17:28.777 INFORMAÇÕES [main] org.apache.coyote.AbstractProtocol.stop Stopping ProtocolHandler ["ajp-nio-8009"]
24-Mar-2018 11:17:28.777 INFORMAÇÕES [main] org.apache.coyote.AbstractProtocol.destroy Destroying ProtocolHandler ["ajp-nio-8009"]
24-Mar-2018 11:17:50.299 INFORMAÇÕES [main] org.apache.catalina.startup.VersionLoggerListener.log Server version:        Apache Tomcat/8.0.50
24-Mar-2018 11:17:50.301 INFORMAÇÕES [main] org.apache.catalina.startup.VersionLoggerListener.log Server built:          Feb 7 2018 20:06:05 UTC
24-Mar-2018 11:17:50.301 INFORMAÇÕES [main] org.apache.catalina.startup.VersionLoggerListener.log Server number:         8.0.50.0
24-Mar-2018 11:17:50.301 INFORMAÇÕES [main] org.apache.catalina.startup.VersionLoggerListener.log OS Name:               Mac OS X
24-Mar-2018 11:17:50.301 INFORMAÇÕES [main] org.apache.catalina.startup.VersionLoggerListener.log OS Version:            10.13.3
24-Mar-2018 11:17:50.301 INFORMAÇÕES [main] org.apache.catalina.startup.VersionLoggerListener.log Architecture:          x86_64
24-Mar-2018 11:17:50.301 INFORMAÇÕES [main] org.apache.catalina.startup.VersionLoggerListener.log Java Home:             /Library/Java/JavaVirtualMachines/jdk1.8.0_162.jdk/Contents/Home/jre
24-Mar-2018 11:17:50.302 INFORMAÇÕES [main] org.apache.catalina.startup.VersionLoggerListener.log JVM Version:           1.8.0_162-b12
24-Mar-2018 11:17:50.302 INFORMAÇÕES [main] org.apache.catalina.startup.VersionLoggerListener.log JVM Vendor:            Oracle Corporation
24-Mar-2018 11:17:50.302 INFORMAÇÕES [main] org.apache.catalina.startup.VersionLoggerListener.log CATALINA_BASE:         /Users/jorgesantana/projetos/jenkins/apache-tomcat-8.0.50
24-Mar-2018 11:17:50.302 INFORMAÇÕES [main] org.apache.catalina.startup.VersionLoggerListener.log CATALINA_HOME:         /Users/jorgesantana/projetos/jenkins/apache-tomcat-8.0.50
24-Mar-2018 11:17:50.303 INFORMAÇÕES [main] org.apache.catalina.startup.VersionLoggerListener.log Command line argument: -Djava.util.logging.config.file=/Users/jorgesantana/projetos/jenkins/apache-tomcat-8.0.50/conf/logging.properties
24-Mar-2018 11:17:50.303 INFORMAÇÕES [main] org.apache.catalina.startup.VersionLoggerListener.log Command line argument: -Djava.util.logging.manager=org.apache.juli.ClassLoaderLogManager
24-Mar-2018 11:17:50.303 INFORMAÇÕES [main] org.apache.catalina.startup.VersionLoggerListener.log Command line argument: -Djdk.tls.ephemeralDHKeySize=2048
24-Mar-2018 11:17:50.303 INFORMAÇÕES [main] org.apache.catalina.startup.VersionLoggerListener.log Command line argument: -Djava.protocol.handler.pkgs=org.apache.catalina.webresources
24-Mar-2018 11:17:50.303 INFORMAÇÕES [main] org.apache.catalina.startup.VersionLoggerListener.log Command line argument: -Dignore.endorsed.dirs=
24-Mar-2018 11:17:50.303 INFORMAÇÕES [main] org.apache.catalina.startup.VersionLoggerListener.log Command line argument: -Dcatalina.base=/Users/jorgesantana/projetos/jenkins/apache-tomcat-8.0.50
24-Mar-2018 11:17:50.303 INFORMAÇÕES [main] org.apache.catalina.startup.VersionLoggerListener.log Command line argument: -Dcatalina.home=/Users/jorgesantana/projetos/jenkins/apache-tomcat-8.0.50
24-Mar-2018 11:17:50.303 INFORMAÇÕES [main] org.apache.catalina.startup.VersionLoggerListener.log Command line argument: -Djava.io.tmpdir=/Users/jorgesantana/projetos/jenkins/apache-tomcat-8.0.50/temp
24-Mar-2018 11:17:50.303 INFORMAÇÕES [main] org.apache.catalina.core.AprLifecycleListener.lifecycleEvent The APR based Apache Tomcat Native library which allows optimal performance in production environments was not found on the java.library.path: /Users/jorgesantana/Library/Java/Extensions:/Library/Java/Extensions:/Network/Library/Java/Extensions:/System/Library/Java/Extensions:/usr/lib/java:.
24-Mar-2018 11:17:50.431 INFORMAÇÕES [main] org.apache.coyote.AbstractProtocol.init Initializing ProtocolHandler ["http-nio-8080"]
24-Mar-2018 11:17:50.457 INFORMAÇÕES [main] org.apache.tomcat.util.net.NioSelectorPool.getSharedSelector Using a shared selector for servlet write/read
24-Mar-2018 11:17:50.460 INFORMAÇÕES [main] org.apache.coyote.AbstractProtocol.init Initializing ProtocolHandler ["ajp-nio-8009"]
24-Mar-2018 11:17:50.462 INFORMAÇÕES [main] org.apache.tomcat.util.net.NioSelectorPool.getSharedSelector Using a shared selector for servlet write/read
24-Mar-2018 11:17:50.462 INFORMAÇÕES [main] org.apache.catalina.startup.Catalina.load Initialization processed in 509 ms
24-Mar-2018 11:17:50.486 INFORMAÇÕES [main] org.apache.catalina.core.StandardService.startInternal Starting service Catalina
24-Mar-2018 11:17:50.486 INFORMAÇÕES [main] org.apache.catalina.core.StandardEngine.startInternal Starting Servlet Engine: Apache Tomcat/8.0.50
24-Mar-2018 11:17:50.507 INFORMAÇÕES [localhost-startStop-1] org.apache.catalina.startup.HostConfig.deployWAR Deploying web application archive /Users/jorgesantana/projetos/jenkins/apache-tomcat-8.0.50/webapps/jenkins-app-0.1.war
24-Mar-2018 11:17:53.254 INFORMAÇÕES [localhost-startStop-1] org.apache.jasper.servlet.TldScanner.scanJars At least one JAR was scanned for TLDs yet contained no TLDs. Enable debug logging for this logger for a complete list of JARs that were scanned but no TLDs were found in them. Skipping unneeded JARs during scanning can improve startup time and JSP compilation time.
24-Mar-2018 11:18:04.943 INFORMAÇÕES [localhost-startStop-1] org.apache.catalina.startup.HostConfig.deployWAR Deployment of web application archive /Users/jorgesantana/projetos/jenkins/apache-tomcat-8.0.50/webapps/jenkins-app-0.1.war has finished in 14,436 ms
24-Mar-2018 11:18:04.944 INFORMAÇÕES [localhost-startStop-1] org.apache.catalina.startup.HostConfig.deployDirectory Deploying web application directory /Users/jorgesantana/projetos/jenkins/apache-tomcat-8.0.50/webapps/docs
24-Mar-2018 11:18:04.958 INFORMAÇÕES [localhost-startStop-1] org.apache.catalina.startup.HostConfig.deployDirectory Deployment of web application directory /Users/jorgesantana/projetos/jenkins/apache-tomcat-8.0.50/webapps/docs has finished in 13 ms
24-Mar-2018 11:18:04.958 INFORMAÇÕES [localhost-startStop-1] org.apache.catalina.startup.HostConfig.deployDirectory Deploying web application directory /Users/jorgesantana/projetos/jenkins/apache-tomcat-8.0.50/webapps/manager
24-Mar-2018 11:18:04.983 INFORMAÇÕES [localhost-startStop-1] org.apache.catalina.startup.HostConfig.deployDirectory Deployment of web application directory /Users/jorgesantana/projetos/jenkins/apache-tomcat-8.0.50/webapps/manager has finished in 25 ms
24-Mar-2018 11:18:04.983 INFORMAÇÕES [localhost-startStop-1] org.apache.catalina.startup.HostConfig.deployDirectory Deploying web application directory /Users/jorgesantana/projetos/jenkins/apache-tomcat-8.0.50/webapps/examples
24-Mar-2018 11:18:05.119 INFORMAÇÕES [localhost-startStop-1] org.apache.catalina.startup.HostConfig.deployDirectory Deployment of web application directory /Users/jorgesantana/projetos/jenkins/apache-tomcat-8.0.50/webapps/examples has finished in 136 ms
24-Mar-2018 11:18:05.119 INFORMAÇÕES [localhost-startStop-1] org.apache.catalina.startup.HostConfig.deployDirectory Deploying web application directory /Users/jorgesantana/projetos/jenkins/apache-tomcat-8.0.50/webapps/ROOT
24-Mar-2018 11:18:05.130 INFORMAÇÕES [localhost-startStop-1] org.apache.catalina.startup.HostConfig.deployDirectory Deployment of web application directory /Users/jorgesantana/projetos/jenkins/apache-tomcat-8.0.50/webapps/ROOT has finished in 11 ms
24-Mar-2018 11:18:05.130 INFORMAÇÕES [localhost-startStop-1] org.apache.catalina.startup.HostConfig.deployDirectory Deploying web application directory /Users/jorgesantana/projetos/jenkins/apache-tomcat-8.0.50/webapps/host-manager
24-Mar-2018 11:18:05.142 INFORMAÇÕES [localhost-startStop-1] org.apache.catalina.startup.HostConfig.deployDirectory Deployment of web application directory /Users/jorgesantana/projetos/jenkins/apache-tomcat-8.0.50/webapps/host-manager has finished in 12 ms
24-Mar-2018 11:18:05.155 INFORMAÇÕES [main] org.apache.coyote.AbstractProtocol.start Starting ProtocolHandler ["http-nio-8080"]
24-Mar-2018 11:18:05.166 INFORMAÇÕES [main] org.apache.coyote.AbstractProtocol.start Starting ProtocolHandler ["ajp-nio-8009"]
24-Mar-2018 11:18:05.167 INFORMAÇÕES [main] org.apache.catalina.startup.Catalina.start Server startup in 14704 ms
24-Mar-2018 11:21:56.117 INFORMAÇÕES [main] org.apache.catalina.core.StandardServer.await A valid shutdown command was received via the shutdown port. Stopping the Server instance.
24-Mar-2018 11:21:56.118 INFORMAÇÕES [main] org.apache.coyote.AbstractProtocol.pause Pausing ProtocolHandler ["http-nio-8080"]
24-Mar-2018 11:21:56.174 INFORMAÇÕES [main] org.apache.coyote.AbstractProtocol.pause Pausing ProtocolHandler ["ajp-nio-8009"]
24-Mar-2018 11:21:56.229 INFORMAÇÕES [main] org.apache.catalina.core.StandardService.stopInternal Stopping service Catalina
24-Mar-2018 11:21:56.401 ADVERTÊNCIA [localhost-startStop-2] org.apache.catalina.loader.WebappClassLoaderBase.clearReferencesThreads The web application [jenkins-app-0.1] appears to have started a thread named [Tomcat JDBC Pool Cleaner[1860653307:1521901079440]] but has failed to stop it. This is very likely to create a memory leak. Stack trace of thread:
 java.lang.Object.wait(Native Method)
 java.util.TimerThread.mainLoop(Timer.java:552)
 java.util.TimerThread.run(Timer.java:505)
24-Mar-2018 11:21:56.401 ADVERTÊNCIA [localhost-startStop-2] org.apache.catalina.loader.WebappClassLoaderBase.clearReferencesThreads The web application [jenkins-app-0.1] appears to have started a thread named [MVStore background writer nio:/Users/jorgesantana/projetos/jenkins/apache-tomcat-8.0.50/bin/prodDb.mv.db] but has failed to stop it. This is very likely to create a memory leak. Stack trace of thread:
 java.lang.Object.wait(Native Method)
 org.h2.mvstore.MVStore$BackgroundWriterThread.run(MVStore.java:2715)
24-Mar-2018 11:21:56.413 INFORMAÇÕES [main] org.apache.coyote.AbstractProtocol.stop Stopping ProtocolHandler ["http-nio-8080"]
24-Mar-2018 11:21:56.442 INFORMAÇÕES [main] org.apache.coyote.AbstractProtocol.stop Stopping ProtocolHandler ["ajp-nio-8009"]
24-Mar-2018 11:21:56.445 INFORMAÇÕES [main] org.apache.coyote.AbstractProtocol.destroy Destroying ProtocolHandler ["http-nio-8080"]
24-Mar-2018 11:21:56.446 INFORMAÇÕES [main] org.apache.coyote.AbstractProtocol.destroy Destroying ProtocolHandler ["ajp-nio-8009"]
24-Mar-2018 11:24:00.169 INFORMAÇÕES [main] org.apache.catalina.startup.VersionLoggerListener.log Server version:        Apache Tomcat/8.0.50
24-Mar-2018 11:24:00.171 INFORMAÇÕES [main] org.apache.catalina.startup.VersionLoggerListener.log Server built:          Feb 7 2018 20:06:05 UTC
24-Mar-2018 11:24:00.171 INFORMAÇÕES [main] org.apache.catalina.startup.VersionLoggerListener.log Server number:         8.0.50.0
24-Mar-2018 11:24:00.171 INFORMAÇÕES [main] org.apache.catalina.startup.VersionLoggerListener.log OS Name:               Mac OS X
24-Mar-2018 11:24:00.172 INFORMAÇÕES [main] org.apache.catalina.startup.VersionLoggerListener.log OS Version:            10.13.3
24-Mar-2018 11:24:00.172 INFORMAÇÕES [main] org.apache.catalina.startup.VersionLoggerListener.log Architecture:          x86_64
24-Mar-2018 11:24:00.172 INFORMAÇÕES [main] org.apache.catalina.startup.VersionLoggerListener.log Java Home:             /Library/Java/JavaVirtualMachines/jdk1.8.0_162.jdk/Contents/Home/jre
24-Mar-2018 11:24:00.172 INFORMAÇÕES [main] org.apache.catalina.startup.VersionLoggerListener.log JVM Version:           1.8.0_162-b12
24-Mar-2018 11:24:00.172 INFORMAÇÕES [main] org.apache.catalina.startup.VersionLoggerListener.log JVM Vendor:            Oracle Corporation
24-Mar-2018 11:24:00.172 INFORMAÇÕES [main] org.apache.catalina.startup.VersionLoggerListener.log CATALINA_BASE:         /Users/jorgesantana/projetos/jenkins/apache-tomcat-8.0.50
24-Mar-2018 11:24:00.172 INFORMAÇÕES [main] org.apache.catalina.startup.VersionLoggerListener.log CATALINA_HOME:         /Users/jorgesantana/projetos/jenkins/apache-tomcat-8.0.50
24-Mar-2018 11:24:00.173 INFORMAÇÕES [main] org.apache.catalina.startup.VersionLoggerListener.log Command line argument: -Djava.util.logging.config.file=/Users/jorgesantana/projetos/jenkins/apache-tomcat-8.0.50/conf/logging.properties
24-Mar-2018 11:24:00.173 INFORMAÇÕES [main] org.apache.catalina.startup.VersionLoggerListener.log Command line argument: -Djava.util.logging.manager=org.apache.juli.ClassLoaderLogManager
24-Mar-2018 11:24:00.173 INFORMAÇÕES [main] org.apache.catalina.startup.VersionLoggerListener.log Command line argument: -Djdk.tls.ephemeralDHKeySize=2048
24-Mar-2018 11:24:00.173 INFORMAÇÕES [main] org.apache.catalina.startup.VersionLoggerListener.log Command line argument: -Djava.protocol.handler.pkgs=org.apache.catalina.webresources
24-Mar-2018 11:24:00.173 INFORMAÇÕES [main] org.apache.catalina.startup.VersionLoggerListener.log Command line argument: -Dignore.endorsed.dirs=
24-Mar-2018 11:24:00.173 INFORMAÇÕES [main] org.apache.catalina.startup.VersionLoggerListener.log Command line argument: -Dcatalina.base=/Users/jorgesantana/projetos/jenkins/apache-tomcat-8.0.50
24-Mar-2018 11:24:00.174 INFORMAÇÕES [main] org.apache.catalina.startup.VersionLoggerListener.log Command line argument: -Dcatalina.home=/Users/jorgesantana/projetos/jenkins/apache-tomcat-8.0.50
24-Mar-2018 11:24:00.174 INFORMAÇÕES [main] org.apache.catalina.startup.VersionLoggerListener.log Command line argument: -Djava.io.tmpdir=/Users/jorgesantana/projetos/jenkins/apache-tomcat-8.0.50/temp
24-Mar-2018 11:24:00.174 INFORMAÇÕES [main] org.apache.catalina.core.AprLifecycleListener.lifecycleEvent The APR based Apache Tomcat Native library which allows optimal performance in production environments was not found on the java.library.path: /Users/jorgesantana/Library/Java/Extensions:/Library/Java/Extensions:/Network/Library/Java/Extensions:/System/Library/Java/Extensions:/usr/lib/java:.
24-Mar-2018 11:24:00.298 INFORMAÇÕES [main] org.apache.coyote.AbstractProtocol.init Initializing ProtocolHandler ["http-nio-8080"]
24-Mar-2018 11:24:00.320 INFORMAÇÕES [main] org.apache.tomcat.util.net.NioSelectorPool.getSharedSelector Using a shared selector for servlet write/read
24-Mar-2018 11:24:00.322 INFORMAÇÕES [main] org.apache.coyote.AbstractProtocol.init Initializing ProtocolHandler ["ajp-nio-8009"]
24-Mar-2018 11:24:00.324 INFORMAÇÕES [main] org.apache.tomcat.util.net.NioSelectorPool.getSharedSelector Using a shared selector for servlet write/read
24-Mar-2018 11:24:00.324 INFORMAÇÕES [main] org.apache.catalina.startup.Catalina.load Initialization processed in 476 ms
24-Mar-2018 11:24:00.343 INFORMAÇÕES [main] org.apache.catalina.core.StandardService.startInternal Starting service Catalina
24-Mar-2018 11:24:00.343 INFORMAÇÕES [main] org.apache.catalina.core.StandardEngine.startInternal Starting Servlet Engine: Apache Tomcat/8.0.50
24-Mar-2018 11:24:00.360 INFORMAÇÕES [localhost-startStop-1] org.apache.catalina.startup.HostConfig.deployWAR Deploying web application archive /Users/jorgesantana/projetos/jenkins/apache-tomcat-8.0.50/webapps/jenkins-app-0.1.war
24-Mar-2018 11:24:03.806 INFORMAÇÕES [localhost-startStop-1] org.apache.jasper.servlet.TldScanner.scanJars At least one JAR was scanned for TLDs yet contained no TLDs. Enable debug logging for this logger for a complete list of JARs that were scanned but no TLDs were found in them. Skipping unneeded JARs during scanning can improve startup time and JSP compilation time.
24-Mar-2018 11:24:15.722 INFORMAÇÕES [localhost-startStop-1] org.apache.catalina.startup.HostConfig.deployWAR Deployment of web application archive /Users/jorgesantana/projetos/jenkins/apache-tomcat-8.0.50/webapps/jenkins-app-0.1.war has finished in 15,361 ms
24-Mar-2018 11:24:15.723 INFORMAÇÕES [localhost-startStop-1] org.apache.catalina.startup.HostConfig.deployDirectory Deploying web application directory /Users/jorgesantana/projetos/jenkins/apache-tomcat-8.0.50/webapps/docs
24-Mar-2018 11:24:15.742 INFORMAÇÕES [localhost-startStop-1] org.apache.catalina.startup.HostConfig.deployDirectory Deployment of web application directory /Users/jorgesantana/projetos/jenkins/apache-tomcat-8.0.50/webapps/docs has finished in 19 ms
24-Mar-2018 11:24:15.742 INFORMAÇÕES [localhost-startStop-1] org.apache.catalina.startup.HostConfig.deployDirectory Deploying web application directory /Users/jorgesantana/projetos/jenkins/apache-tomcat-8.0.50/webapps/manager
24-Mar-2018 11:24:15.764 INFORMAÇÕES [localhost-startStop-1] org.apache.catalina.startup.HostConfig.deployDirectory Deployment of web application directory /Users/jorgesantana/projetos/jenkins/apache-tomcat-8.0.50/webapps/manager has finished in 22 ms
24-Mar-2018 11:24:15.764 INFORMAÇÕES [localhost-startStop-1] org.apache.catalina.startup.HostConfig.deployDirectory Deploying web application directory /Users/jorgesantana/projetos/jenkins/apache-tomcat-8.0.50/webapps/examples
24-Mar-2018 11:24:15.943 INFORMAÇÕES [localhost-startStop-1] org.apache.catalina.startup.HostConfig.deployDirectory Deployment of web application directory /Users/jorgesantana/projetos/jenkins/apache-tomcat-8.0.50/webapps/examples has finished in 179 ms
24-Mar-2018 11:24:15.943 INFORMAÇÕES [localhost-startStop-1] org.apache.catalina.startup.HostConfig.deployDirectory Deploying web application directory /Users/jorgesantana/projetos/jenkins/apache-tomcat-8.0.50/webapps/ROOT
24-Mar-2018 11:24:15.953 INFORMAÇÕES [localhost-startStop-1] org.apache.catalina.startup.HostConfig.deployDirectory Deployment of web application directory /Users/jorgesantana/projetos/jenkins/apache-tomcat-8.0.50/webapps/ROOT has finished in 10 ms
24-Mar-2018 11:24:15.953 INFORMAÇÕES [localhost-startStop-1] org.apache.catalina.startup.HostConfig.deployDirectory Deploying web application directory /Users/jorgesantana/projetos/jenkins/apache-tomcat-8.0.50/webapps/host-manager
24-Mar-2018 11:24:15.965 INFORMAÇÕES [localhost-startStop-1] org.apache.catalina.startup.HostConfig.deployDirectory Deployment of web application directory /Users/jorgesantana/projetos/jenkins/apache-tomcat-8.0.50/webapps/host-manager has finished in 12 ms
24-Mar-2018 11:24:15.968 INFORMAÇÕES [main] org.apache.coyote.AbstractProtocol.start Starting ProtocolHandler ["http-nio-8080"]
24-Mar-2018 11:24:15.974 INFORMAÇÕES [main] org.apache.coyote.AbstractProtocol.start Starting ProtocolHandler ["ajp-nio-8009"]
24-Mar-2018 11:24:15.977 INFORMAÇÕES [main] org.apache.catalina.startup.Catalina.start Server startup in 15652 ms
24-Mar-2018 13:50:13.227 INFORMAÇÕES [ContainerBackgroundProcessor[StandardEngine[Catalina]]] org.apache.catalina.startup.HostConfig.undeploy Undeploying context [/jenkins-app-0.1]
24-Mar-2018 13:50:16.586 INFORMAÇÕES [main] org.apache.catalina.core.StandardServer.await A valid shutdown command was received via the shutdown port. Stopping the Server instance.
24-Mar-2018 13:50:16.587 INFORMAÇÕES [main] org.apache.coyote.AbstractProtocol.pause Pausing ProtocolHandler ["http-nio-8080"]
24-Mar-2018 13:50:16.643 INFORMAÇÕES [main] org.apache.coyote.AbstractProtocol.pause Pausing ProtocolHandler ["ajp-nio-8009"]
24-Mar-2018 13:50:16.699 INFORMAÇÕES [main] org.apache.catalina.core.StandardService.stopInternal Stopping service Catalina
24-Mar-2018 13:50:16.721 ADVERTÊNCIA [ContainerBackgroundProcessor[StandardEngine[Catalina]]] org.apache.catalina.loader.WebappClassLoaderBase.clearReferencesJdbc The web application [jenkins-app-0.1] registered the JDBC driver [org.h2.Driver] but failed to unregister it when the web application was stopped. To prevent a memory leak, the JDBC Driver has been forcibly unregistered.
24-Mar-2018 13:50:16.728 ADVERTÊNCIA [ContainerBackgroundProcessor[StandardEngine[Catalina]]] org.apache.catalina.loader.WebappClassLoaderBase.clearReferencesThreads The web application [jenkins-app-0.1] appears to have started a thread named [Tomcat JDBC Pool Cleaner[2062655851:1521901450235]] but has failed to stop it. This is very likely to create a memory leak. Stack trace of thread:
 java.lang.Object.wait(Native Method)
 java.util.TimerThread.mainLoop(Timer.java:552)
 java.util.TimerThread.run(Timer.java:505)
24-Mar-2018 13:50:16.728 ADVERTÊNCIA [ContainerBackgroundProcessor[StandardEngine[Catalina]]] org.apache.catalina.loader.WebappClassLoaderBase.clearReferencesThreads The web application [jenkins-app-0.1] appears to have started a thread named [MVStore background writer nio:/Users/jorgesantana/projetos/jenkins/apache-tomcat-8.0.50/webapps/prodDb.mv.db] but has failed to stop it. This is very likely to create a memory leak. Stack trace of thread:
 java.lang.Object.wait(Native Method)
 org.h2.mvstore.MVStore$BackgroundWriterThread.run(MVStore.java:2715)
24-Mar-2018 13:50:16.778 INFORMAÇÕES [main] org.apache.coyote.AbstractProtocol.stop Stopping ProtocolHandler ["http-nio-8080"]
24-Mar-2018 13:50:16.782 INFORMAÇÕES [main] org.apache.coyote.AbstractProtocol.stop Stopping ProtocolHandler ["ajp-nio-8009"]
24-Mar-2018 13:50:16.785 INFORMAÇÕES [main] org.apache.coyote.AbstractProtocol.destroy Destroying ProtocolHandler ["http-nio-8080"]
24-Mar-2018 13:50:16.785 INFORMAÇÕES [main] org.apache.coyote.AbstractProtocol.destroy Destroying ProtocolHandler ["ajp-nio-8009"]
24-Mar-2018 13:50:21.555 INFORMAÇÕES [main] org.apache.catalina.startup.VersionLoggerListener.log Server version:        Apache Tomcat/8.0.50
24-Mar-2018 13:50:21.558 INFORMAÇÕES [main] org.apache.catalina.startup.VersionLoggerListener.log Server built:          Feb 7 2018 20:06:05 UTC
24-Mar-2018 13:50:21.558 INFORMAÇÕES [main] org.apache.catalina.startup.VersionLoggerListener.log Server number:         8.0.50.0
24-Mar-2018 13:50:21.559 INFORMAÇÕES [main] org.apache.catalina.startup.VersionLoggerListener.log OS Name:               Mac OS X
24-Mar-2018 13:50:21.559 INFORMAÇÕES [main] org.apache.catalina.startup.VersionLoggerListener.log OS Version:            10.13.3
24-Mar-2018 13:50:21.559 INFORMAÇÕES [main] org.apache.catalina.startup.VersionLoggerListener.log Architecture:          x86_64
24-Mar-2018 13:50:21.559 INFORMAÇÕES [main] org.apache.catalina.startup.VersionLoggerListener.log Java Home:             /Library/Java/JavaVirtualMachines/jdk1.8.0_162.jdk/Contents/Home/jre
24-Mar-2018 13:50:21.559 INFORMAÇÕES [main] org.apache.catalina.startup.VersionLoggerListener.log JVM Version:           1.8.0_162-b12
24-Mar-2018 13:50:21.559 INFORMAÇÕES [main] org.apache.catalina.startup.VersionLoggerListener.log JVM Vendor:            Oracle Corporation
24-Mar-2018 13:50:21.559 INFORMAÇÕES [main] org.apache.catalina.startup.VersionLoggerListener.log CATALINA_BASE:         /Users/jorgesantana/projetos/jenkins/apache-tomcat-8.0.50
24-Mar-2018 13:50:21.559 INFORMAÇÕES [main] org.apache.catalina.startup.VersionLoggerListener.log CATALINA_HOME:         /Users/jorgesantana/projetos/jenkins/apache-tomcat-8.0.50
24-Mar-2018 13:50:21.560 INFORMAÇÕES [main] org.apache.catalina.startup.VersionLoggerListener.log Command line argument: -Djava.util.logging.config.file=/Users/jorgesantana/projetos/jenkins/apache-tomcat-8.0.50/conf/logging.properties
24-Mar-2018 13:50:21.560 INFORMAÇÕES [main] org.apache.catalina.startup.VersionLoggerListener.log Command line argument: -Djava.util.logging.manager=org.apache.juli.ClassLoaderLogManager
24-Mar-2018 13:50:21.560 INFORMAÇÕES [main] org.apache.catalina.startup.VersionLoggerListener.log Command line argument: -Djdk.tls.ephemeralDHKeySize=2048
24-Mar-2018 13:50:21.560 INFORMAÇÕES [main] org.apache.catalina.startup.VersionLoggerListener.log Command line argument: -Djava.protocol.handler.pkgs=org.apache.catalina.webresources
24-Mar-2018 13:50:21.560 INFORMAÇÕES [main] org.apache.catalina.startup.VersionLoggerListener.log Command line argument: -Dignore.endorsed.dirs=
24-Mar-2018 13:50:21.560 INFORMAÇÕES [main] org.apache.catalina.startup.VersionLoggerListener.log Command line argument: -Dcatalina.base=/Users/jorgesantana/projetos/jenkins/apache-tomcat-8.0.50
24-Mar-2018 13:50:21.561 INFORMAÇÕES [main] org.apache.catalina.startup.VersionLoggerListener.log Command line argument: -Dcatalina.home=/Users/jorgesantana/projetos/jenkins/apache-tomcat-8.0.50
24-Mar-2018 13:50:21.561 INFORMAÇÕES [main] org.apache.catalina.startup.VersionLoggerListener.log Command line argument: -Djava.io.tmpdir=/Users/jorgesantana/projetos/jenkins/apache-tomcat-8.0.50/temp
24-Mar-2018 13:50:21.561 INFORMAÇÕES [main] org.apache.catalina.core.AprLifecycleListener.lifecycleEvent The APR based Apache Tomcat Native library which allows optimal performance in production environments was not found on the java.library.path: /Users/jorgesantana/Library/Java/Extensions:/Library/Java/Extensions:/Network/Library/Java/Extensions:/System/Library/Java/Extensions:/usr/lib/java:.
24-Mar-2018 13:50:21.690 INFORMAÇÕES [main] org.apache.coyote.AbstractProtocol.init Initializing ProtocolHandler ["http-nio-8080"]
24-Mar-2018 13:50:21.713 INFORMAÇÕES [main] org.apache.tomcat.util.net.NioSelectorPool.getSharedSelector Using a shared selector for servlet write/read
24-Mar-2018 13:50:21.715 INFORMAÇÕES [main] org.apache.coyote.AbstractProtocol.init Initializing ProtocolHandler ["ajp-nio-8009"]
24-Mar-2018 13:50:21.716 INFORMAÇÕES [main] org.apache.tomcat.util.net.NioSelectorPool.getSharedSelector Using a shared selector for servlet write/read
24-Mar-2018 13:50:21.716 INFORMAÇÕES [main] org.apache.catalina.startup.Catalina.load Initialization processed in 512 ms
24-Mar-2018 13:50:21.741 INFORMAÇÕES [main] org.apache.catalina.core.StandardService.startInternal Starting service Catalina
24-Mar-2018 13:50:21.741 INFORMAÇÕES [main] org.apache.catalina.core.StandardEngine.startInternal Starting Servlet Engine: Apache Tomcat/8.0.50
24-Mar-2018 13:50:21.748 INFORMAÇÕES [localhost-startStop-1] org.apache.catalina.startup.HostConfig.deployDirectory Deploying web application directory /Users/jorgesantana/projetos/jenkins/apache-tomcat-8.0.50/webapps/docs
24-Mar-2018 13:50:22.006 INFORMAÇÕES [localhost-startStop-1] org.apache.catalina.startup.HostConfig.deployDirectory Deployment of web application directory /Users/jorgesantana/projetos/jenkins/apache-tomcat-8.0.50/webapps/docs has finished in 257 ms
24-Mar-2018 13:50:22.006 INFORMAÇÕES [localhost-startStop-1] org.apache.catalina.startup.HostConfig.deployDirectory Deploying web application directory /Users/jorgesantana/projetos/jenkins/apache-tomcat-8.0.50/webapps/manager
24-Mar-2018 13:50:22.038 INFORMAÇÕES [localhost-startStop-1] org.apache.catalina.startup.HostConfig.deployDirectory Deployment of web application directory /Users/jorgesantana/projetos/jenkins/apache-tomcat-8.0.50/webapps/manager has finished in 32 ms
24-Mar-2018 13:50:22.039 INFORMAÇÕES [localhost-startStop-1] org.apache.catalina.startup.HostConfig.deployDirectory Deploying web application directory /Users/jorgesantana/projetos/jenkins/apache-tomcat-8.0.50/webapps/examples
24-Mar-2018 13:50:22.346 INFORMAÇÕES [localhost-startStop-1] org.apache.catalina.startup.HostConfig.deployDirectory Deployment of web application directory /Users/jorgesantana/projetos/jenkins/apache-tomcat-8.0.50/webapps/examples has finished in 307 ms
24-Mar-2018 13:50:22.347 INFORMAÇÕES [localhost-startStop-1] org.apache.catalina.startup.HostConfig.deployDirectory Deploying web application directory /Users/jorgesantana/projetos/jenkins/apache-tomcat-8.0.50/webapps/ROOT
24-Mar-2018 13:50:22.362 INFORMAÇÕES [localhost-startStop-1] org.apache.catalina.startup.HostConfig.deployDirectory Deployment of web application directory /Users/jorgesantana/projetos/jenkins/apache-tomcat-8.0.50/webapps/ROOT has finished in 15 ms
24-Mar-2018 13:50:22.362 INFORMAÇÕES [localhost-startStop-1] org.apache.catalina.startup.HostConfig.deployDirectory Deploying web application directory /Users/jorgesantana/projetos/jenkins/apache-tomcat-8.0.50/webapps/host-manager
24-Mar-2018 13:50:22.378 INFORMAÇÕES [localhost-startStop-1] org.apache.catalina.startup.HostConfig.deployDirectory Deployment of web application directory /Users/jorgesantana/projetos/jenkins/apache-tomcat-8.0.50/webapps/host-manager has finished in 16 ms
24-Mar-2018 13:50:22.381 INFORMAÇÕES [main] org.apache.coyote.AbstractProtocol.start Starting ProtocolHandler ["http-nio-8080"]
24-Mar-2018 13:50:22.386 INFORMAÇÕES [main] org.apache.coyote.AbstractProtocol.start Starting ProtocolHandler ["ajp-nio-8009"]
24-Mar-2018 13:50:22.387 INFORMAÇÕES [main] org.apache.catalina.startup.Catalina.start Server startup in 670 ms
24-Mar-2018 13:52:22.447 INFORMAÇÕES [localhost-startStop-2] org.apache.catalina.startup.HostConfig.deployWAR Deploying web application archive /Users/jorgesantana/projetos/jenkins/apache-tomcat-8.0.50/webapps/Jenkins-app-0.1.war
24-Mar-2018 13:52:25.402 INFORMAÇÕES [localhost-startStop-2] org.apache.jasper.servlet.TldScanner.scanJars At least one JAR was scanned for TLDs yet contained no TLDs. Enable debug logging for this logger for a complete list of JARs that were scanned but no TLDs were found in them. Skipping unneeded JARs during scanning can improve startup time and JSP compilation time.
24-Mar-2018 13:52:38.188 INFORMAÇÕES [localhost-startStop-2] org.apache.catalina.startup.HostConfig.deployWAR Deployment of web application archive /Users/jorgesantana/projetos/jenkins/apache-tomcat-8.0.50/webapps/Jenkins-app-0.1.war has finished in 15,741 ms
24-Mar-2018 17:30:54.138 INFORMAÇÕES [ContainerBackgroundProcessor[StandardEngine[Catalina]]] org.apache.catalina.startup.HostConfig.undeploy Undeploying context []
24-Mar-2018 17:30:54.159 ADVERTÊNCIA [ContainerBackgroundProcessor[StandardEngine[Catalina]]] org.apache.catalina.loader.WebappClassLoaderBase.clearReferencesJdbc JDBC driver de-registration failed for web application [ROOT]
 java.lang.NullPointerException
	at org.apache.catalina.loader.WebappClassLoaderBase.clearReferencesJdbc(WebappClassLoaderBase.java:1647)
	at org.apache.catalina.loader.WebappClassLoaderBase.clearReferences(WebappClassLoaderBase.java:1587)
	at org.apache.catalina.loader.WebappClassLoaderBase.stop(WebappClassLoaderBase.java:1539)
	at org.apache.catalina.loader.WebappLoader.stopInternal(WebappLoader.java:445)
	at org.apache.catalina.util.LifecycleBase.stop(LifecycleBase.java:221)
	at org.apache.catalina.core.StandardContext.stopInternal(StandardContext.java:5580)
	at org.apache.catalina.util.LifecycleBase.stop(LifecycleBase.java:221)
	at org.apache.catalina.core.ContainerBase.removeChild(ContainerBase.java:849)
	at org.apache.catalina.startup.HostConfig.undeploy(HostConfig.java:1429)
	at org.apache.catalina.startup.HostConfig.checkResources(HostConfig.java:1355)
	at org.apache.catalina.startup.HostConfig.check(HostConfig.java:1615)
	at org.apache.catalina.startup.HostConfig.lifecycleEvent(HostConfig.java:318)
	at org.apache.catalina.util.LifecycleSupport.fireLifecycleEvent(LifecycleSupport.java:95)
	at org.apache.catalina.util.LifecycleBase.fireLifecycleEvent(LifecycleBase.java:90)
	at org.apache.catalina.core.ContainerBase.backgroundProcess(ContainerBase.java:1168)
	at org.apache.catalina.core.ContainerBase$ContainerBackgroundProcessor.processChildren(ContainerBase.java:1377)
	at org.apache.catalina.core.ContainerBase$ContainerBackgroundProcessor.processChildren(ContainerBase.java:1381)
	at org.apache.catalina.core.ContainerBase$ContainerBackgroundProcessor.run(ContainerBase.java:1349)
	at java.lang.Thread.run(Thread.java:748)

24-Mar-2018 17:30:54.674 INFORMAÇÕES [ContainerBackgroundProcessor[StandardEngine[Catalina]]] org.apache.catalina.startup.HostConfig.undeploy Undeploying context [/examples]
24-Mar-2018 17:30:54.679 ADVERTÊNCIA [ContainerBackgroundProcessor[StandardEngine[Catalina]]] org.apache.catalina.loader.WebappClassLoaderBase.clearReferencesJdbc JDBC driver de-registration failed for web application [examples]
 java.lang.IllegalStateException: java.io.FileNotFoundException: /Users/jorgesantana/projetos/jenkins/apache-tomcat-8.0.50/webapps/examples/WEB-INF/lib/taglibs-standard-impl-1.2.5.jar (No such file or directory)
	at org.apache.catalina.webresources.AbstractSingleArchiveResourceSet.getArchiveEntry(AbstractSingleArchiveResourceSet.java:100)
	at org.apache.catalina.webresources.AbstractArchiveResourceSet.getResource(AbstractArchiveResourceSet.java:265)
	at org.apache.catalina.webresources.StandardRoot.getResourceInternal(StandardRoot.java:281)
	at org.apache.catalina.webresources.Cache.getResource(Cache.java:62)
	at org.apache.catalina.webresources.StandardRoot.getResource(StandardRoot.java:216)
	at org.apache.catalina.webresources.StandardRoot.getClassLoaderResource(StandardRoot.java:225)
	at org.apache.catalina.loader.WebappClassLoaderBase.findResourceInternal(WebappClassLoaderBase.java:2541)
	at org.apache.catalina.loader.WebappClassLoaderBase.findResource(WebappClassLoaderBase.java:934)
	at org.apache.catalina.loader.WebappClassLoaderBase.getResourceAsStream(WebappClassLoaderBase.java:1114)
	at org.apache.catalina.loader.WebappClassLoaderBase.clearReferencesJdbc(WebappClassLoaderBase.java:1645)
	at org.apache.catalina.loader.WebappClassLoaderBase.clearReferences(WebappClassLoaderBase.java:1587)
	at org.apache.catalina.loader.WebappClassLoaderBase.stop(WebappClassLoaderBase.java:1539)
	at org.apache.catalina.loader.WebappLoader.stopInternal(WebappLoader.java:445)
	at org.apache.catalina.util.LifecycleBase.stop(LifecycleBase.java:221)
	at org.apache.catalina.core.StandardContext.stopInternal(StandardContext.java:5580)
	at org.apache.catalina.util.LifecycleBase.stop(LifecycleBase.java:221)
	at org.apache.catalina.core.ContainerBase.removeChild(ContainerBase.java:849)
	at org.apache.catalina.startup.HostConfig.undeploy(HostConfig.java:1429)
	at org.apache.catalina.startup.HostConfig.checkResources(HostConfig.java:1355)
	at org.apache.catalina.startup.HostConfig.check(HostConfig.java:1615)
	at org.apache.catalina.startup.HostConfig.lifecycleEvent(HostConfig.java:318)
	at org.apache.catalina.util.LifecycleSupport.fireLifecycleEvent(LifecycleSupport.java:95)
	at org.apache.catalina.util.LifecycleBase.fireLifecycleEvent(LifecycleBase.java:90)
	at org.apache.catalina.core.ContainerBase.backgroundProcess(ContainerBase.java:1168)
	at org.apache.catalina.core.ContainerBase$ContainerBackgroundProcessor.processChildren(ContainerBase.java:1377)
	at org.apache.catalina.core.ContainerBase$ContainerBackgroundProcessor.processChildren(ContainerBase.java:1381)
	at org.apache.catalina.core.ContainerBase$ContainerBackgroundProcessor.run(ContainerBase.java:1349)
	at java.lang.Thread.run(Thread.java:748)
Caused by: java.io.FileNotFoundException: /Users/jorgesantana/projetos/jenkins/apache-tomcat-8.0.50/webapps/examples/WEB-INF/lib/taglibs-standard-impl-1.2.5.jar (No such file or directory)
	at java.util.zip.ZipFile.open(Native Method)
	at java.util.zip.ZipFile.<init>(ZipFile.java:225)
	at java.util.zip.ZipFile.<init>(ZipFile.java:155)
	at java.util.jar.JarFile.<init>(JarFile.java:166)
	at java.util.jar.JarFile.<init>(JarFile.java:130)
	at org.apache.tomcat.util.compat.JreCompat.jarFileNewInstance(JreCompat.java:170)
	at org.apache.tomcat.util.compat.JreCompat.jarFileNewInstance(JreCompat.java:155)
	at org.apache.catalina.webresources.AbstractArchiveResourceSet.openJarFile(AbstractArchiveResourceSet.java:316)
	at org.apache.catalina.webresources.AbstractSingleArchiveResourceSet.getArchiveEntry(AbstractSingleArchiveResourceSet.java:96)
	... 27 more

24-Mar-2018 17:30:55.186 INFORMAÇÕES [ContainerBackgroundProcessor[StandardEngine[Catalina]]] org.apache.catalina.startup.HostConfig.undeploy Undeploying context [/host-manager]
24-Mar-2018 17:30:55.188 ADVERTÊNCIA [ContainerBackgroundProcessor[StandardEngine[Catalina]]] org.apache.catalina.loader.WebappClassLoaderBase.clearReferencesJdbc JDBC driver de-registration failed for web application [host-manager]
 java.lang.NullPointerException
	at org.apache.catalina.loader.WebappClassLoaderBase.clearReferencesJdbc(WebappClassLoaderBase.java:1647)
	at org.apache.catalina.loader.WebappClassLoaderBase.clearReferences(WebappClassLoaderBase.java:1587)
	at org.apache.catalina.loader.WebappClassLoaderBase.stop(WebappClassLoaderBase.java:1539)
	at org.apache.catalina.loader.WebappLoader.stopInternal(WebappLoader.java:445)
	at org.apache.catalina.util.LifecycleBase.stop(LifecycleBase.java:221)
	at org.apache.catalina.core.StandardContext.stopInternal(StandardContext.java:5580)
	at org.apache.catalina.util.LifecycleBase.stop(LifecycleBase.java:221)
	at org.apache.catalina.core.ContainerBase.removeChild(ContainerBase.java:849)
	at org.apache.catalina.startup.HostConfig.undeploy(HostConfig.java:1429)
	at org.apache.catalina.startup.HostConfig.checkResources(HostConfig.java:1355)
	at org.apache.catalina.startup.HostConfig.check(HostConfig.java:1615)
	at org.apache.catalina.startup.HostConfig.lifecycleEvent(HostConfig.java:318)
	at org.apache.catalina.util.LifecycleSupport.fireLifecycleEvent(LifecycleSupport.java:95)
	at org.apache.catalina.util.LifecycleBase.fireLifecycleEvent(LifecycleBase.java:90)
	at org.apache.catalina.core.ContainerBase.backgroundProcess(ContainerBase.java:1168)
	at org.apache.catalina.core.ContainerBase$ContainerBackgroundProcessor.processChildren(ContainerBase.java:1377)
	at org.apache.catalina.core.ContainerBase$ContainerBackgroundProcessor.processChildren(ContainerBase.java:1381)
	at org.apache.catalina.core.ContainerBase$ContainerBackgroundProcessor.run(ContainerBase.java:1349)
	at java.lang.Thread.run(Thread.java:748)

24-Mar-2018 17:30:55.690 INFORMAÇÕES [ContainerBackgroundProcessor[StandardEngine[Catalina]]] org.apache.catalina.startup.HostConfig.undeploy Undeploying context [/Jenkins-app-0.1]
24-Mar-2018 17:31:55.749 ADVERTÊNCIA [ContainerBackgroundProcessor[StandardEngine[Catalina]]] org.apache.catalina.loader.WebappClassLoaderBase.clearReferencesJdbc JDBC driver de-registration failed for web application [Jenkins-app-0.1]
 java.lang.IllegalStateException: java.io.FileNotFoundException: /Users/jorgesantana/projetos/jenkins/apache-tomcat-8.0.50/webapps/Jenkins-app-0.1/WEB-INF/lib/tomcat-jdbc-8.5.15.jar (No such file or directory)
	at org.apache.catalina.webresources.AbstractSingleArchiveResourceSet.getArchiveEntry(AbstractSingleArchiveResourceSet.java:100)
	at org.apache.catalina.webresources.AbstractArchiveResourceSet.getResource(AbstractArchiveResourceSet.java:265)
	at org.apache.catalina.webresources.StandardRoot.getResourceInternal(StandardRoot.java:281)
	at org.apache.catalina.webresources.Cache.getResource(Cache.java:62)
	at org.apache.catalina.webresources.StandardRoot.getResource(StandardRoot.java:216)
	at org.apache.catalina.webresources.StandardRoot.getClassLoaderResource(StandardRoot.java:225)
	at org.apache.catalina.loader.WebappClassLoaderBase.findResourceInternal(WebappClassLoaderBase.java:2541)
	at org.apache.catalina.loader.WebappClassLoaderBase.findResource(WebappClassLoaderBase.java:934)
	at org.apache.catalina.loader.WebappClassLoaderBase.getResourceAsStream(WebappClassLoaderBase.java:1114)
	at org.apache.catalina.loader.WebappClassLoaderBase.clearReferencesJdbc(WebappClassLoaderBase.java:1645)
	at org.apache.catalina.loader.WebappClassLoaderBase.clearReferences(WebappClassLoaderBase.java:1587)
	at org.apache.catalina.loader.WebappClassLoaderBase.stop(WebappClassLoaderBase.java:1539)
	at org.apache.catalina.loader.WebappLoader.stopInternal(WebappLoader.java:445)
	at org.apache.catalina.util.LifecycleBase.stop(LifecycleBase.java:221)
	at org.apache.catalina.core.StandardContext.stopInternal(StandardContext.java:5580)
	at org.apache.catalina.util.LifecycleBase.stop(LifecycleBase.java:221)
	at org.apache.catalina.core.ContainerBase.removeChild(ContainerBase.java:849)
	at org.apache.catalina.startup.HostConfig.undeploy(HostConfig.java:1429)
	at org.apache.catalina.startup.HostConfig.checkResources(HostConfig.java:1355)
	at org.apache.catalina.startup.HostConfig.check(HostConfig.java:1615)
	at org.apache.catalina.startup.HostConfig.lifecycleEvent(HostConfig.java:318)
	at org.apache.catalina.util.LifecycleSupport.fireLifecycleEvent(LifecycleSupport.java:95)
	at org.apache.catalina.util.LifecycleBase.fireLifecycleEvent(LifecycleBase.java:90)
	at org.apache.catalina.core.ContainerBase.backgroundProcess(ContainerBase.java:1168)
	at org.apache.catalina.core.ContainerBase$ContainerBackgroundProcessor.processChildren(ContainerBase.java:1377)
	at org.apache.catalina.core.ContainerBase$ContainerBackgroundProcessor.processChildren(ContainerBase.java:1381)
	at org.apache.catalina.core.ContainerBase$ContainerBackgroundProcessor.run(ContainerBase.java:1349)
	at java.lang.Thread.run(Thread.java:748)
Caused by: java.io.FileNotFoundException: /Users/jorgesantana/projetos/jenkins/apache-tomcat-8.0.50/webapps/Jenkins-app-0.1/WEB-INF/lib/tomcat-jdbc-8.5.15.jar (No such file or directory)
	at java.util.zip.ZipFile.open(Native Method)
	at java.util.zip.ZipFile.<init>(ZipFile.java:225)
	at java.util.zip.ZipFile.<init>(ZipFile.java:155)
	at java.util.jar.JarFile.<init>(JarFile.java:166)
	at java.util.jar.JarFile.<init>(JarFile.java:130)
	at org.apache.tomcat.util.compat.JreCompat.jarFileNewInstance(JreCompat.java:170)
	at org.apache.tomcat.util.compat.JreCompat.jarFileNewInstance(JreCompat.java:155)
	at org.apache.catalina.webresources.AbstractArchiveResourceSet.openJarFile(AbstractArchiveResourceSet.java:316)
	at org.apache.catalina.webresources.AbstractSingleArchiveResourceSet.getArchiveEntry(AbstractSingleArchiveResourceSet.java:96)
	... 27 more

24-Mar-2018 17:31:55.753 ADVERTÊNCIA [ContainerBackgroundProcessor[StandardEngine[Catalina]]] org.apache.catalina.loader.WebappClassLoaderBase.clearReferencesThreads The web application [Jenkins-app-0.1] appears to have started a thread named [Tomcat JDBC Pool Cleaner[819462721:1521910352279]] but has failed to stop it. This is very likely to create a memory leak. Stack trace of thread:
 java.lang.Object.wait(Native Method)
 java.util.TimerThread.mainLoop(Timer.java:552)
 java.util.TimerThread.run(Timer.java:505)
24-Mar-2018 17:31:55.753 ADVERTÊNCIA [ContainerBackgroundProcessor[StandardEngine[Catalina]]] org.apache.catalina.loader.WebappClassLoaderBase.clearReferencesThreads The web application [Jenkins-app-0.1] appears to have started a thread named [MVStore background writer nio:/Users/jorgesantana/projetos/jenkins/apache-tomcat-8.0.50/webapps/prodDb.mv.db] but has failed to stop it. This is very likely to create a memory leak. Stack trace of thread:
 java.lang.Object.wait(Native Method)
 org.h2.mvstore.MVStore$BackgroundWriterThread.run(MVStore.java:2715)
24-Mar-2018 17:31:56.275 INFORMAÇÕES [ContainerBackgroundProcessor[StandardEngine[Catalina]]] org.apache.catalina.startup.HostConfig.undeploy Undeploying context [/manager]
24-Mar-2018 17:31:56.279 ADVERTÊNCIA [ContainerBackgroundProcessor[StandardEngine[Catalina]]] org.apache.catalina.loader.WebappClassLoaderBase.clearReferencesJdbc JDBC driver de-registration failed for web application [manager]
 java.lang.NullPointerException
	at org.apache.catalina.loader.WebappClassLoaderBase.clearReferencesJdbc(WebappClassLoaderBase.java:1647)
	at org.apache.catalina.loader.WebappClassLoaderBase.clearReferences(WebappClassLoaderBase.java:1587)
	at org.apache.catalina.loader.WebappClassLoaderBase.stop(WebappClassLoaderBase.java:1539)
	at org.apache.catalina.loader.WebappLoader.stopInternal(WebappLoader.java:445)
	at org.apache.catalina.util.LifecycleBase.stop(LifecycleBase.java:221)
	at org.apache.catalina.core.StandardContext.stopInternal(StandardContext.java:5580)
	at org.apache.catalina.util.LifecycleBase.stop(LifecycleBase.java:221)
	at org.apache.catalina.core.ContainerBase.removeChild(ContainerBase.java:849)
	at org.apache.catalina.startup.HostConfig.undeploy(HostConfig.java:1429)
	at org.apache.catalina.startup.HostConfig.checkResources(HostConfig.java:1355)
	at org.apache.catalina.startup.HostConfig.check(HostConfig.java:1615)
	at org.apache.catalina.startup.HostConfig.lifecycleEvent(HostConfig.java:318)
	at org.apache.catalina.util.LifecycleSupport.fireLifecycleEvent(LifecycleSupport.java:95)
	at org.apache.catalina.util.LifecycleBase.fireLifecycleEvent(LifecycleBase.java:90)
	at org.apache.catalina.core.ContainerBase.backgroundProcess(ContainerBase.java:1168)
	at org.apache.catalina.core.ContainerBase$ContainerBackgroundProcessor.processChildren(ContainerBase.java:1377)
	at org.apache.catalina.core.ContainerBase$ContainerBackgroundProcessor.processChildren(ContainerBase.java:1381)
	at org.apache.catalina.core.ContainerBase$ContainerBackgroundProcessor.run(ContainerBase.java:1349)
	at java.lang.Thread.run(Thread.java:748)

24-Mar-2018 17:31:56.784 INFORMAÇÕES [ContainerBackgroundProcessor[StandardEngine[Catalina]]] org.apache.catalina.startup.HostConfig.undeploy Undeploying context [/docs]
24-Mar-2018 17:31:56.786 ADVERTÊNCIA [ContainerBackgroundProcessor[StandardEngine[Catalina]]] org.apache.catalina.loader.WebappClassLoaderBase.clearReferencesJdbc JDBC driver de-registration failed for web application [docs]
 java.lang.NullPointerException
	at org.apache.catalina.loader.WebappClassLoaderBase.clearReferencesJdbc(WebappClassLoaderBase.java:1647)
	at org.apache.catalina.loader.WebappClassLoaderBase.clearReferences(WebappClassLoaderBase.java:1587)
	at org.apache.catalina.loader.WebappClassLoaderBase.stop(WebappClassLoaderBase.java:1539)
	at org.apache.catalina.loader.WebappLoader.stopInternal(WebappLoader.java:445)
	at org.apache.catalina.util.LifecycleBase.stop(LifecycleBase.java:221)
	at org.apache.catalina.core.StandardContext.stopInternal(StandardContext.java:5580)
	at org.apache.catalina.util.LifecycleBase.stop(LifecycleBase.java:221)
	at org.apache.catalina.core.ContainerBase.removeChild(ContainerBase.java:849)
	at org.apache.catalina.startup.HostConfig.undeploy(HostConfig.java:1429)
	at org.apache.catalina.startup.HostConfig.checkResources(HostConfig.java:1355)
	at org.apache.catalina.startup.HostConfig.check(HostConfig.java:1615)
	at org.apache.catalina.startup.HostConfig.lifecycleEvent(HostConfig.java:318)
	at org.apache.catalina.util.LifecycleSupport.fireLifecycleEvent(LifecycleSupport.java:95)
	at org.apache.catalina.util.LifecycleBase.fireLifecycleEvent(LifecycleBase.java:90)
	at org.apache.catalina.core.ContainerBase.backgroundProcess(ContainerBase.java:1168)
	at org.apache.catalina.core.ContainerBase$ContainerBackgroundProcessor.processChildren(ContainerBase.java:1377)
	at org.apache.catalina.core.ContainerBase$ContainerBackgroundProcessor.processChildren(ContainerBase.java:1381)
	at org.apache.catalina.core.ContainerBase$ContainerBackgroundProcessor.run(ContainerBase.java:1349)
	at java.lang.Thread.run(Thread.java:748)

